<?xml version="1.0" encoding="UTF-8"?>
<testsuites>
  <testsuite name="/app/phpunit.dist.xml" tests="43" assertions="188" errors="0" failures="0" skipped="0" time="0.089904">
    <testsuite name="Project Test Suite" tests="43" assertions="188" errors="0" failures="0" skipped="0" time="0.089904">
      <testsuite name="App\Tests\Unit\ActivityRepositoryTest" file="/app/tests/Unit/ActivityRepositoryTest.php" tests="5" assertions="61" errors="0" failures="0" skipped="0" time="0.021000">
        <testcase name="testFindBetweenBuildsQueryAndReturnsResults" file="/app/tests/Unit/ActivityRepositoryTest.php" line="31" class="App\Tests\Unit\ActivityRepositoryTest" classname="App.Tests.Unit.ActivityRepositoryTest" assertions="14" time="0.019083"/>
        <testcase name="testFindAllOrderByStartDescWithoutStatus" file="/app/tests/Unit/ActivityRepositoryTest.php" line="95" class="App\Tests\Unit\ActivityRepositoryTest" classname="App.Tests.Unit.ActivityRepositoryTest" assertions="8" time="0.000615"/>
        <testcase name="testFindAllOrderByStartDescWithValidStatus" file="/app/tests/Unit/ActivityRepositoryTest.php" line="118" class="App\Tests\Unit\ActivityRepositoryTest" classname="App.Tests.Unit.ActivityRepositoryTest" assertions="11" time="0.000411"/>
        <testcase name="testFindAllOrderByStartDescRejectsInvalidStatus" file="/app/tests/Unit/ActivityRepositoryTest.php" line="144" class="App\Tests\Unit\ActivityRepositoryTest" classname="App.Tests.Unit.ActivityRepositoryTest" assertions="7" time="0.000367"/>
        <testcase name="testFindTopProposersBetweenBuildsQueryAndReturnsArrayResult" file="/app/tests/Unit/ActivityRepositoryTest.php" line="163" class="App\Tests\Unit\ActivityRepositoryTest" classname="App.Tests.Unit.ActivityRepositoryTest" assertions="21" time="0.000523"/>
      </testsuite>
      <testsuite name="App\Tests\Unit\ActivityTest" file="/app/tests/Unit/ActivityTest.php" tests="6" assertions="13" errors="0" failures="0" skipped="0" time="0.000906">
        <testcase name="testDefaultStatusIsPublished" file="/app/tests/Unit/ActivityTest.php" line="10" class="App\Tests\Unit\ActivityTest" classname="App.Tests.Unit.ActivityTest" assertions="1" time="0.000131"/>
        <testcase name="testSetStatusPending" file="/app/tests/Unit/ActivityTest.php" line="17" class="App\Tests\Unit\ActivityTest" classname="App.Tests.Unit.ActivityTest" assertions="1" time="0.000149"/>
        <testcase name="testSetStatusRejectsInvalidValue" file="/app/tests/Unit/ActivityTest.php" line="25" class="App\Tests\Unit\ActivityTest" classname="App.Tests.Unit.ActivityTest" assertions="1" time="0.000135"/>
        <testcase name="testSetCreatedAtValueSetsCreatedAtAndUpdatedAt" file="/app/tests/Unit/ActivityTest.php" line="33" class="App\Tests\Unit\ActivityTest" classname="App.Tests.Unit.ActivityTest" assertions="6" time="0.000216"/>
        <testcase name="testSetUpdatedAtValueSetsUpdatedAt" file="/app/tests/Unit/ActivityTest.php" line="50" class="App\Tests\Unit\ActivityTest" classname="App.Tests.Unit.ActivityTest" assertions="2" time="0.000142"/>
        <testcase name="testSetStartAtConvertsToDateTimeImmutable" file="/app/tests/Unit/ActivityTest.php" line="61" class="App\Tests\Unit\ActivityTest" classname="App.Tests.Unit.ActivityTest" assertions="2" time="0.000133"/>
      </testsuite>
      <testsuite name="App\Tests\Unit\CarouselExtensionTest" file="/app/tests/Unit/CarouselExtensionTest.php" tests="4" assertions="24" errors="0" failures="0" skipped="0" time="0.017678">
        <testcase name="testRegistersTwigFunction" file="/app/tests/Unit/CarouselExtensionTest.php" line="12" class="App\Tests\Unit\CarouselExtensionTest" classname="App.Tests.Unit.CarouselExtensionTest" assertions="2" time="0.012226"/>
        <testcase name="testReturnsDefaultSlidesWhenRepositoryIsEmpty" file="/app/tests/Unit/CarouselExtensionTest.php" line="23" class="App\Tests\Unit\CarouselExtensionTest" classname="App.Tests.Unit.CarouselExtensionTest" assertions="4" time="0.000311"/>
        <testcase name="testReturnsMappedSlidesFromEntities" file="/app/tests/Unit/CarouselExtensionTest.php" line="38" class="App\Tests\Unit\CarouselExtensionTest" classname="App.Tests.Unit.CarouselExtensionTest" assertions="9" time="0.004963"/>
        <testcase name="testFallsBackToDefaultsForNullEntityFields" file="/app/tests/Unit/CarouselExtensionTest.php" line="67" class="App\Tests\Unit\CarouselExtensionTest" classname="App.Tests.Unit.CarouselExtensionTest" assertions="9" time="0.000177"/>
      </testsuite>
      <testsuite name="App\Tests\Unit\CarouselSlideEntityTest" file="/app/tests/Unit/CarouselSlideEntityTest.php" tests="7" assertions="14" errors="0" failures="0" skipped="0" time="0.001742">
        <testcase name="testDefaultPositionIsZero" file="/app/tests/Unit/CarouselSlideEntityTest.php" line="10" class="App\Tests\Unit\CarouselSlideEntityTest" classname="App.Tests.Unit.CarouselSlideEntityTest" assertions="1" time="0.000172"/>
        <testcase name="testSettersAndGetters" file="/app/tests/Unit/CarouselSlideEntityTest.php" line="17" class="App\Tests\Unit\CarouselSlideEntityTest" classname="App.Tests.Unit.CarouselSlideEntityTest" assertions="8" time="0.000118"/>
        <testcase name="testDefaultActiveIsTrue" file="/app/tests/Unit/CarouselSlideEntityTest.php" line="39" class="App\Tests\Unit\CarouselSlideEntityTest" classname="App.Tests.Unit.CarouselSlideEntityTest" assertions="1" time="0.000717"/>
        <testcase name="testSetActiveFalse" file="/app/tests/Unit/CarouselSlideEntityTest.php" line="46" class="App\Tests\Unit\CarouselSlideEntityTest" classname="App.Tests.Unit.CarouselSlideEntityTest" assertions="1" time="0.000149"/>
        <testcase name="testSetActiveReturnsSelf" file="/app/tests/Unit/CarouselSlideEntityTest.php" line="54" class="App\Tests\Unit\CarouselSlideEntityTest" classname="App.Tests.Unit.CarouselSlideEntityTest" assertions="1" time="0.000142"/>
        <testcase name="testSetDateAcceptsNull" file="/app/tests/Unit/CarouselSlideEntityTest.php" line="62" class="App\Tests\Unit\CarouselSlideEntityTest" classname="App.Tests.Unit.CarouselSlideEntityTest" assertions="1" time="0.000268"/>
        <testcase name="testBtnUrlIsNullByDefault" file="/app/tests/Unit/CarouselSlideEntityTest.php" line="71" class="App\Tests\Unit\CarouselSlideEntityTest" classname="App.Tests.Unit.CarouselSlideEntityTest" assertions="1" time="0.000175"/>
      </testsuite>
      <testsuite name="App\Tests\Unit\CarouselSlideRepositoryTest" file="/app/tests/Unit/CarouselSlideRepositoryTest.php" tests="2" assertions="15" errors="0" failures="0" skipped="0" time="0.000943">
        <testcase name="testFindAllOrderByPosition" file="/app/tests/Unit/CarouselSlideRepositoryTest.php" line="14" class="App\Tests\Unit\CarouselSlideRepositoryTest" classname="App.Tests.Unit.CarouselSlideRepositoryTest" assertions="7" time="0.000503"/>
        <testcase name="testFindActiveOrderByPosition" file="/app/tests/Unit/CarouselSlideRepositoryTest.php" line="45" class="App\Tests\Unit\CarouselSlideRepositoryTest" classname="App.Tests.Unit.CarouselSlideRepositoryTest" assertions="8" time="0.000440"/>
      </testsuite>
      <testsuite name="App\Tests\Unit\InscriptionEntityTest" file="/app/tests/Unit/InscriptionEntityTest.php" tests="1" assertions="5" errors="0" failures="0" skipped="0" time="0.005230">
        <testcase name="testSettersAndCreatedAtLifecycle" file="/app/tests/Unit/InscriptionEntityTest.php" line="11" class="App\Tests\Unit\InscriptionEntityTest" classname="App.Tests.Unit.InscriptionEntityTest" assertions="5" time="0.005230"/>
      </testsuite>
      <testsuite name="App\Tests\Unit\InscriptionRepositoryTest" file="/app/tests/Unit/InscriptionRepositoryTest.php" tests="3" assertions="24" errors="0" failures="0" skipped="0" time="0.005657">
        <testcase name="testHasAlreadyRegisteredReturnsTrueWhenScalarIsPositive" file="/app/tests/Unit/InscriptionRepositoryTest.php" line="31" class="App\Tests\Unit\InscriptionRepositoryTest" classname="App.Tests.Unit.InscriptionRepositoryTest" assertions="10" time="0.004929"/>
        <testcase name="testHasAlreadyRegisteredReturnsFalseWhenScalarIsZero" file="/app/tests/Unit/InscriptionRepositoryTest.php" line="80" class="App\Tests\Unit\InscriptionRepositoryTest" classname="App.Tests.Unit.InscriptionRepositoryTest" assertions="10" time="0.000458"/>
        <testcase name="testCountAllReturnsIntegerScalar" file="/app/tests/Unit/InscriptionRepositoryTest.php" line="129" class="App\Tests\Unit\InscriptionRepositoryTest" classname="App.Tests.Unit.InscriptionRepositoryTest" assertions="4" time="0.000270"/>
      </testsuite>
      <testsuite name="App\Tests\Unit\ResetPasswordRequestEntityTest" file="/app/tests/Unit/ResetPasswordRequestEntityTest.php" tests="2" assertions="6" errors="0" failures="0" skipped="0" time="0.010510">
        <testcase name="testConstructorAndExpiration" file="/app/tests/Unit/ResetPasswordRequestEntityTest.php" line="11" class="App\Tests\Unit\ResetPasswordRequestEntityTest" classname="App.Tests.Unit.ResetPasswordRequestEntityTest" assertions="5" time="0.010332"/>
        <testcase name="testIsExpiredWhenInPast" file="/app/tests/Unit/ResetPasswordRequestEntityTest.php" line="30" class="App\Tests\Unit\ResetPasswordRequestEntityTest" classname="App.Tests.Unit.ResetPasswordRequestEntityTest" assertions="1" time="0.000178"/>
      </testsuite>
      <testsuite name="App\Tests\Unit\ResetPasswordRequestRepositoryTest" file="/app/tests/Unit/ResetPasswordRequestRepositoryTest.php" tests="1" assertions="5" errors="0" failures="0" skipped="0" time="0.004973">
        <testcase name="testCreateResetPasswordRequest" file="/app/tests/Unit/ResetPasswordRequestRepositoryTest.php" line="14" class="App\Tests\Unit\ResetPasswordRequestRepositoryTest" classname="App.Tests.Unit.ResetPasswordRequestRepositoryTest" assertions="5" time="0.004973"/>
      </testsuite>
      <testsuite name="App\Tests\Unit\SecurityHeadersSubscriberTest" file="/app/tests/Unit/SecurityHeadersSubscriberTest.php" tests="3" assertions="10" errors="0" failures="0" skipped="0" time="0.010323">
        <testcase name="testSubscribesToKernelResponse" file="/app/tests/Unit/SecurityHeadersSubscriberTest.php" line="15" class="App\Tests\Unit\SecurityHeadersSubscriberTest" classname="App.Tests.Unit.SecurityHeadersSubscriberTest" assertions="2" time="0.005556"/>
        <testcase name="testSetsSecurityHeadersOnMainRequest" file="/app/tests/Unit/SecurityHeadersSubscriberTest.php" line="23" class="App\Tests\Unit\SecurityHeadersSubscriberTest" classname="App.Tests.Unit.SecurityHeadersSubscriberTest" assertions="7" time="0.004585"/>
        <testcase name="testSkipsSubRequests" file="/app/tests/Unit/SecurityHeadersSubscriberTest.php" line="45" class="App\Tests\Unit\SecurityHeadersSubscriberTest" classname="App.Tests.Unit.SecurityHeadersSubscriberTest" assertions="1" time="0.000181"/>
      </testsuite>
      <testsuite name="App\Tests\Unit\UserEntityTest" file="/app/tests/Unit/UserEntityTest.php" tests="7" assertions="7" errors="0" failures="0" skipped="0" time="0.001036">
        <testcase name="testGetRolesAlwaysIncludesRoleUser" file="/app/tests/Unit/UserEntityTest.php" line="10" class="App\Tests\Unit\UserEntityTest" classname="App.Tests.Unit.UserEntityTest" assertions="1" time="0.000159"/>
        <testcase name="testGetUserIdentifierUsesEmail" file="/app/tests/Unit/UserEntityTest.php" line="18" class="App\Tests\Unit\UserEntityTest" classname="App.Tests.Unit.UserEntityTest" assertions="1" time="0.000105"/>
        <testcase name="testDefaultSuspendedIsFalse" file="/app/tests/Unit/UserEntityTest.php" line="26" class="App\Tests\Unit\UserEntityTest" classname="App.Tests.Unit.UserEntityTest" assertions="1" time="0.000148"/>
        <testcase name="testSetSuspended" file="/app/tests/Unit/UserEntityTest.php" line="33" class="App\Tests\Unit\UserEntityTest" classname="App.Tests.Unit.UserEntityTest" assertions="1" time="0.000158"/>
        <testcase name="testUsernameSetterAndGetter" file="/app/tests/Unit/UserEntityTest.php" line="41" class="App\Tests\Unit\UserEntityTest" classname="App.Tests.Unit.UserEntityTest" assertions="1" time="0.000140"/>
        <testcase name="testEraseCredentialsDoesNotThrow" file="/app/tests/Unit/UserEntityTest.php" line="49" class="App\Tests\Unit\UserEntityTest" classname="App.Tests.Unit.UserEntityTest" assertions="1" time="0.000189"/>
        <testcase name="testSetPasswordAndGetPassword" file="/app/tests/Unit/UserEntityTest.php" line="57" class="App\Tests\Unit\UserEntityTest" classname="App.Tests.Unit.UserEntityTest" assertions="1" time="0.000138"/>
      </testsuite>
      <testsuite name="App\Tests\Unit\UserRepositoryTest" file="/app/tests/Unit/UserRepositoryTest.php" tests="2" assertions="4" errors="0" failures="0" skipped="0" time="0.009906">
        <testcase name="testUpgradePasswordThrowsUnsupportedUserWhenWrongType" file="/app/tests/Unit/UserRepositoryTest.php" line="16" class="App\Tests\Unit\UserRepositoryTest" classname="App.Tests.Unit.UserRepositoryTest" assertions="1" time="0.009628"/>
        <testcase name="testUpgradePasswordPersistsAndFlushes" file="/app/tests/Unit/UserRepositoryTest.php" line="42" class="App\Tests\Unit\UserRepositoryTest" classname="App.Tests.Unit.UserRepositoryTest" assertions="3" time="0.000278"/>
      </testsuite>
    </testsuite>
  </testsuite>
</testsuites>
